CRITICAL - 2023-02-03 05:13:04 --> Undefined variable $remembered_login
in APPPATH/Libraries/Authentication.php on line 100.
 1 APPPATH/Libraries/Authentication.php(100): CodeIgniter\Debug\Exceptions->errorHandler()
 2 APPPATH/Libraries/Authentication.php(121): App\Libraries\Authentication->getUserFromRememberCookie()
 3 APPPATH/Libraries/Authentication.php(130): App\Libraries\Authentication->getCurrentUser()
 4 APPPATH/Filters/GuestFilter.php(13): App\Libraries\Authentication->isLoggedIn()
 5 SYSTEMPATH/Filters/Filters.php(173): App\Filters\GuestFilter->before()
 6 SYSTEMPATH/CodeIgniter.php(455): CodeIgniter\Filters\Filters->run()
 7 SYSTEMPATH/CodeIgniter.php(351): CodeIgniter\CodeIgniter->handleRequest()
 8 FCPATH/index.php(67): CodeIgniter\CodeIgniter->run()
 9 SYSTEMPATH/Commands/Server/rewrite.php(46): require_once('FCPATH/index.php')
ERROR - 2023-02-03 07:17:39 --> mysqli_sql_exception: Incorrect DATETIME value: '2023-02-39 07:17:39' in /home/shadya/projects/codeigniter4-training/taskapp/vendor/codeigniter4/framework/system/Database/MySQLi/Connection.php:292
Stack trace:
#0 /home/shadya/projects/codeigniter4-training/taskapp/vendor/codeigniter4/framework/system/Database/MySQLi/Connection.php(292): mysqli->query()
#1 /home/shadya/projects/codeigniter4-training/taskapp/vendor/codeigniter4/framework/system/Database/BaseConnection.php(666): CodeIgniter\Database\MySQLi\Connection->execute()
#2 /home/shadya/projects/codeigniter4-training/taskapp/vendor/codeigniter4/framework/system/Database/BaseConnection.php(593): CodeIgniter\Database\BaseConnection->simpleQuery()
#3 /home/shadya/projects/codeigniter4-training/taskapp/vendor/codeigniter4/framework/system/Database/BaseBuilder.php(2391): CodeIgniter\Database\BaseConnection->query()
#4 /home/shadya/projects/codeigniter4-training/taskapp/vendor/codeigniter4/framework/system/Model.php(401): CodeIgniter\Database\BaseBuilder->delete()
#5 /home/shadya/projects/codeigniter4-training/taskapp/vendor/codeigniter4/framework/system/BaseModel.php(984): CodeIgniter\Model->doDelete()
#6 /home/shadya/projects/codeigniter4-training/taskapp/app/Models/RememberedLoginModel.php(68): CodeIgniter\BaseModel->delete()
#7 /home/shadya/projects/codeigniter4-training/taskapp/app/Commands/DeleteExpiredRememberedLogins.php(19): App\Models\RememberedLoginModel->deleteExpired()
#8 /home/shadya/projects/codeigniter4-training/taskapp/vendor/codeigniter4/framework/system/CLI/Commands.php(63): App\Commands\DeleteExpiredRememberedLogins->run()
#9 /home/shadya/projects/codeigniter4-training/taskapp/vendor/codeigniter4/framework/system/CLI/CommandRunner.php(65): CodeIgniter\CLI\Commands->run()
#10 /home/shadya/projects/codeigniter4-training/taskapp/vendor/codeigniter4/framework/system/CLI/CommandRunner.php(51): CodeIgniter\CLI\CommandRunner->index()
#11 /home/shadya/projects/codeigniter4-training/taskapp/vendor/codeigniter4/framework/system/CodeIgniter.php(920): CodeIgniter\CLI\CommandRunner->_remap()
#12 /home/shadya/projects/codeigniter4-training/taskapp/vendor/codeigniter4/framework/system/CodeIgniter.php(482): CodeIgniter\CodeIgniter->runController()
#13 /home/shadya/projects/codeigniter4-training/taskapp/vendor/codeigniter4/framework/system/CodeIgniter.php(347): CodeIgniter\CodeIgniter->handleRequest()
#14 /home/shadya/projects/codeigniter4-training/taskapp/vendor/codeigniter4/framework/system/CLI/Console.php(48): CodeIgniter\CodeIgniter->run()
#15 /home/shadya/projects/codeigniter4-training/taskapp/spark(98): CodeIgniter\CLI\Console->run()
#16 {main}
CRITICAL - 2023-02-03 07:17:39 --> Incorrect DATETIME value: '2023-02-39 07:17:39'
in SYSTEMPATH/Database/MySQLi/Connection.php on line 292.
 1 SYSTEMPATH/Database/MySQLi/Connection.php(292): mysqli->query()
 2 SYSTEMPATH/Database/BaseConnection.php(666): CodeIgniter\Database\MySQLi\Connection->execute()
 3 SYSTEMPATH/Database/BaseConnection.php(593): CodeIgniter\Database\BaseConnection->simpleQuery()
 4 SYSTEMPATH/Database/BaseBuilder.php(2391): CodeIgniter\Database\BaseConnection->query()
 5 SYSTEMPATH/Model.php(401): CodeIgniter\Database\BaseBuilder->delete()
 6 SYSTEMPATH/BaseModel.php(984): CodeIgniter\Model->doDelete()
 7 APPPATH/Models/RememberedLoginModel.php(68): CodeIgniter\BaseModel->delete()
 8 APPPATH/Commands/DeleteExpiredRememberedLogins.php(19): App\Models\RememberedLoginModel->deleteExpired()
 9 SYSTEMPATH/CLI/Commands.php(63): App\Commands\DeleteExpiredRememberedLogins->run()
10 SYSTEMPATH/CLI/CommandRunner.php(65): CodeIgniter\CLI\Commands->run()
11 SYSTEMPATH/CLI/CommandRunner.php(51): CodeIgniter\CLI\CommandRunner->index()
12 SYSTEMPATH/CodeIgniter.php(920): CodeIgniter\CLI\CommandRunner->_remap()
13 SYSTEMPATH/CodeIgniter.php(482): CodeIgniter\CodeIgniter->runController()
14 SYSTEMPATH/CodeIgniter.php(347): CodeIgniter\CodeIgniter->handleRequest()
15 SYSTEMPATH/CLI/Console.php(48): CodeIgniter\CodeIgniter->run()
16 ROOTPATH/spark(98): CodeIgniter\CLI\Console->run()
