ERROR - 2023-01-16 07:30:00 --> Email: Unable to send email using SMTP. Your server might not be configured to send mail using this method.
ERROR - 2023-01-16 07:30:00 --> You did not specify a SMTP hostname.
ERROR - 2023-01-16 07:30:41 --> Email: Unable to send email using SMTP. Your server might not be configured to send mail using this method.
ERROR - 2023-01-16 07:30:41 --> 220 smtp.gmail.com ESMTP j3-20020a170902da8300b0018725c2fc46sm18252179plx.303 - gsmtp

hello: 250-smtp.gmail.com at your service, [124.122.21.209]
250-SIZE 35882577
250-8BITMIME
250-STARTTLS
250-ENHANCEDSTATUSCODES
250-PIPELINING
250-CHUNKING
250 SMTPUTF8

starttls: 220 2.0.0 Ready to start TLS

hello: 250-smtp.gmail.com at your service, [124.122.21.209]
250-SIZE 35882577
250-8BITMIME
250-AUTH LOGIN PLAIN XOAUTH2 PLAIN-CLIENTTOKEN OAUTHBEARER XOAUTH
250-ENHANCEDSTATUSCODES
250-PIPELINING
250-CHUNKING
250 SMTPUTF8

Failed to authenticate password. Error: 534-5.7.9 Application-specific password required. Learn more at
534 5.7.9  https://support.google.com/mail/?p=InvalidSecondFactor j3-20020a170902da8300b0018725c2fc46sm18252179plx.303 - gsmtp

ERROR - 2023-01-16 07:32:22 --> Email: Unable to send email using SMTP. Your server might not be configured to send mail using this method.
ERROR - 2023-01-16 07:32:22 --> 220 smtp.gmail.com ESMTP k185-20020a6284c2000000b00586a59b4b01sm16230512pfd.12 - gsmtp

hello: 250-smtp.gmail.com at your service, [124.122.21.209]
250-SIZE 35882577
250-8BITMIME
250-STARTTLS
250-ENHANCEDSTATUSCODES
250-PIPELINING
250-CHUNKING
250 SMTPUTF8

starttls: 220 2.0.0 Ready to start TLS

hello: 250-smtp.gmail.com at your service, [124.122.21.209]
250-SIZE 35882577
250-8BITMIME
250-AUTH LOGIN PLAIN XOAUTH2 PLAIN-CLIENTTOKEN OAUTHBEARER XOAUTH
250-ENHANCEDSTATUSCODES
250-PIPELINING
250-CHUNKING
250 SMTPUTF8

Failed to authenticate password. Error: 534-5.7.9 Application-specific password required. Learn more at
534 5.7.9  https://support.google.com/mail/?p=InvalidSecondFactor k185-20020a6284c2000000b00586a59b4b01sm16230512pfd.12 - gsmtp

ERROR - 2023-01-16 07:33:07 --> Email: Unable to send email using SMTP. Your server might not be configured to send mail using this method.
ERROR - 2023-01-16 07:33:07 --> 220 smtp.gmail.com ESMTP s14-20020a170902ea0e00b001926bff074fsm18396002plg.276 - gsmtp

hello: 250-smtp.gmail.com at your service, [124.122.21.209]
250-SIZE 35882577
250-8BITMIME
250-STARTTLS
250-ENHANCEDSTATUSCODES
250-PIPELINING
250-CHUNKING
250 SMTPUTF8

starttls: 220 2.0.0 Ready to start TLS

hello: 250-smtp.gmail.com at your service, [124.122.21.209]
250-SIZE 35882577
250-8BITMIME
250-AUTH LOGIN PLAIN XOAUTH2 PLAIN-CLIENTTOKEN OAUTHBEARER XOAUTH
250-ENHANCEDSTATUSCODES
250-PIPELINING
250-CHUNKING
250 SMTPUTF8

Failed to authenticate password. Error: 534-5.7.9 Application-specific password required. Learn more at
534 5.7.9  https://support.google.com/mail/?p=InvalidSecondFactor s14-20020a170902ea0e00b001926bff074fsm18396002plg.276 - gsmtp

ERROR - 2023-01-16 07:34:22 --> Email: Unable to send email using SMTP. Your server might not be configured to send mail using this method.
ERROR - 2023-01-16 07:34:22 --> 220 smtp.gmail.com ESMTP b12-20020a170903228c00b00192fad60b72sm18456513plh.222 - gsmtp

hello: 250-smtp.gmail.com at your service, [124.122.21.209]
250-SIZE 35882577
250-8BITMIME
250-STARTTLS
250-ENHANCEDSTATUSCODES
250-PIPELINING
250-CHUNKING
250 SMTPUTF8

starttls: 220 2.0.0 Ready to start TLS

hello: 250-smtp.gmail.com at your service, [124.122.21.209]
250-SIZE 35882577
250-8BITMIME
250-AUTH LOGIN PLAIN XOAUTH2 PLAIN-CLIENTTOKEN OAUTHBEARER XOAUTH
250-ENHANCEDSTATUSCODES
250-PIPELINING
250-CHUNKING
250 SMTPUTF8

Failed to authenticate password. Error: 534-5.7.9 Application-specific password required. Learn more at
534 5.7.9  https://support.google.com/mail/?p=InvalidSecondFactor b12-20020a170903228c00b00192fad60b72sm18456513plh.222 - gsmtp

