ERROR - 2022-12-08 09:51:12 --> mysqli_sql_exception: Unknown column 'password' in 'field list' in /home/shadya/projects/taskapp/vendor/codeigniter4/framework/system/Database/MySQLi/Connection.php:292
Stack trace:
#0 /home/shadya/projects/taskapp/vendor/codeigniter4/framework/system/Database/MySQLi/Connection.php(292): mysqli->query()
#1 /home/shadya/projects/taskapp/vendor/codeigniter4/framework/system/Database/BaseConnection.php(666): CodeIgniter\Database\MySQLi\Connection->execute()
#2 /home/shadya/projects/taskapp/vendor/codeigniter4/framework/system/Database/BaseConnection.php(593): CodeIgniter\Database\BaseConnection->simpleQuery()
#3 /home/shadya/projects/taskapp/vendor/codeigniter4/framework/system/Database/BaseBuilder.php(1916): CodeIgniter\Database\BaseConnection->query()
#4 /home/shadya/projects/taskapp/vendor/codeigniter4/framework/system/Model.php(279): CodeIgniter\Database\BaseBuilder->insert()
#5 /home/shadya/projects/taskapp/vendor/codeigniter4/framework/system/BaseModel.php(749): CodeIgniter\Model->doInsert()
#6 /home/shadya/projects/taskapp/vendor/codeigniter4/framework/system/Model.php(667): CodeIgniter\BaseModel->insert()
#7 /home/shadya/projects/taskapp/app/Controllers/Signup.php(18): CodeIgniter\Model->insert()
#8 /home/shadya/projects/taskapp/vendor/codeigniter4/framework/system/CodeIgniter.php(927): App\Controllers\Signup->postCreate()
#9 /home/shadya/projects/taskapp/vendor/codeigniter4/framework/system/CodeIgniter.php(482): CodeIgniter\CodeIgniter->runController()
#10 /home/shadya/projects/taskapp/vendor/codeigniter4/framework/system/CodeIgniter.php(351): CodeIgniter\CodeIgniter->handleRequest()
#11 /home/shadya/projects/taskapp/public/index.php(67): CodeIgniter\CodeIgniter->run()
#12 /home/shadya/projects/taskapp/vendor/codeigniter4/framework/system/Commands/Server/rewrite.php(46): require_once('...')
#13 {main}
CRITICAL - 2022-12-08 09:51:12 --> Unknown column 'password' in 'field list'
in SYSTEMPATH/Database/MySQLi/Connection.php on line 292.
 1 SYSTEMPATH/Database/MySQLi/Connection.php(292): mysqli->query()
 2 SYSTEMPATH/Database/BaseConnection.php(666): CodeIgniter\Database\MySQLi\Connection->execute()
 3 SYSTEMPATH/Database/BaseConnection.php(593): CodeIgniter\Database\BaseConnection->simpleQuery()
 4 SYSTEMPATH/Database/BaseBuilder.php(1916): CodeIgniter\Database\BaseConnection->query()
 5 SYSTEMPATH/Model.php(279): CodeIgniter\Database\BaseBuilder->insert()
 6 SYSTEMPATH/BaseModel.php(749): CodeIgniter\Model->doInsert()
 7 SYSTEMPATH/Model.php(667): CodeIgniter\BaseModel->insert()
 8 APPPATH/Controllers/Signup.php(18): CodeIgniter\Model->insert()
 9 SYSTEMPATH/CodeIgniter.php(927): App\Controllers\Signup->postCreate()
10 SYSTEMPATH/CodeIgniter.php(482): CodeIgniter\CodeIgniter->runController()
11 SYSTEMPATH/CodeIgniter.php(351): CodeIgniter\CodeIgniter->handleRequest()
12 FCPATH/index.php(67): CodeIgniter\CodeIgniter->run()
13 SYSTEMPATH/Commands/Server/rewrite.php(46): require_once('FCPATH/index.php')
CRITICAL - 2022-12-08 09:55:46 --> hashPaswword is not a valid Model Event callback.
in SYSTEMPATH/BaseModel.php on line 1477.
 1 SYSTEMPATH/BaseModel.php(1477): CodeIgniter\Database\Exceptions\DataException::forInvalidMethodTriggered()
 2 SYSTEMPATH/BaseModel.php(746): CodeIgniter\BaseModel->trigger()
 3 SYSTEMPATH/Model.php(667): CodeIgniter\BaseModel->insert()
 4 APPPATH/Controllers/Signup.php(18): CodeIgniter\Model->insert()
 5 SYSTEMPATH/CodeIgniter.php(927): App\Controllers\Signup->postCreate()
 6 SYSTEMPATH/CodeIgniter.php(482): CodeIgniter\CodeIgniter->runController()
 7 SYSTEMPATH/CodeIgniter.php(351): CodeIgniter\CodeIgniter->handleRequest()
 8 FCPATH/index.php(67): CodeIgniter\CodeIgniter->run()
 9 SYSTEMPATH/Commands/Server/rewrite.php(46): require_once('FCPATH/index.php')
CRITICAL - 2022-12-08 10:13:05 --> matched is not a valid rule.
in SYSTEMPATH/Validation/Validation.php on line 323.
 1 SYSTEMPATH/Validation/Validation.php(323): CodeIgniter\Validation\Exceptions\ValidationException::forRuleNotFound()
 2 SYSTEMPATH/Validation/Validation.php(175): CodeIgniter\Validation\Validation->processRules()
 3 SYSTEMPATH/BaseModel.php(1371): CodeIgniter\Validation\Validation->run()
 4 SYSTEMPATH/BaseModel.php(712): CodeIgniter\BaseModel->validate()
 5 SYSTEMPATH/Model.php(667): CodeIgniter\BaseModel->insert()
 6 APPPATH/Controllers/Signup.php(18): CodeIgniter\Model->insert()
 7 SYSTEMPATH/CodeIgniter.php(927): App\Controllers\Signup->postCreate()
 8 SYSTEMPATH/CodeIgniter.php(482): CodeIgniter\CodeIgniter->runController()
 9 SYSTEMPATH/CodeIgniter.php(351): CodeIgniter\CodeIgniter->handleRequest()
10 FCPATH/index.php(67): CodeIgniter\CodeIgniter->run()
11 SYSTEMPATH/Commands/Server/rewrite.php(46): require_once('FCPATH/index.php')
