CRITICAL - 2022-11-03 15:04:22 --> Undefined variable $tasks
in APPPATH/Views/Tasks/index.php on line 10.
 1 APPPATH/Views/Tasks/index.php(10): CodeIgniter\Debug\Exceptions->errorHandler()
 2 SYSTEMPATH/View/View.php(213): include('APPPATH/Views/Tasks/index.php')
 3 SYSTEMPATH/View/View.php(216): CodeIgniter\View\View->CodeIgniter\View\{closure}()
 4 SYSTEMPATH/Common.php(1134): CodeIgniter\View\View->render()
 5 APPPATH/Controllers/Tasks.php(13): view()
 6 SYSTEMPATH/CodeIgniter.php(927): App\Controllers\Tasks->index()
 7 SYSTEMPATH/CodeIgniter.php(482): CodeIgniter\CodeIgniter->runController()
 8 SYSTEMPATH/CodeIgniter.php(351): CodeIgniter\CodeIgniter->handleRequest()
 9 FCPATH/index.php(67): CodeIgniter\CodeIgniter->run()
10 SYSTEMPATH/Commands/Server/rewrite.php(46): require_once('FCPATH/index.php')
ERROR - 2022-11-03 15:28:51 --> Error connecting to the database: mysqli_sql_exception: Permission denied in /home/shadya/projects/taskapp/vendor/codeigniter4/framework/system/Database/MySQLi/Connection.php:171
Stack trace:
#0 /home/shadya/projects/taskapp/vendor/codeigniter4/framework/system/Database/MySQLi/Connection.php(171): mysqli->real_connect()
#1 /home/shadya/projects/taskapp/vendor/codeigniter4/framework/system/Database/BaseConnection.php(382): CodeIgniter\Database\MySQLi\Connection->connect()
#2 /home/shadya/projects/taskapp/vendor/codeigniter4/framework/system/Database/BaseConnection.php(561): CodeIgniter\Database\BaseConnection->initialize()
#3 /home/shadya/projects/taskapp/vendor/codeigniter4/framework/system/Database/BaseConnection.php(1360): CodeIgniter\Database\BaseConnection->query()
#4 /home/shadya/projects/taskapp/vendor/codeigniter4/framework/system/Database/BaseConnection.php(1394): CodeIgniter\Database\BaseConnection->listTables()
#5 /home/shadya/projects/taskapp/vendor/codeigniter4/framework/system/Database/MigrationRunner.php(759): CodeIgniter\Database\BaseConnection->tableExists()
#6 /home/shadya/projects/taskapp/vendor/codeigniter4/framework/system/Database/MigrationRunner.php(167): CodeIgniter\Database\MigrationRunner->ensureTable()
#7 /home/shadya/projects/taskapp/vendor/codeigniter4/framework/system/Commands/Database/Migrate.php(84): CodeIgniter\Database\MigrationRunner->latest()
#8 /home/shadya/projects/taskapp/vendor/codeigniter4/framework/system/CLI/Commands.php(63): CodeIgniter\Commands\Database\Migrate->run()
#9 /home/shadya/projects/taskapp/vendor/codeigniter4/framework/system/CLI/CommandRunner.php(65): CodeIgniter\CLI\Commands->run()
#10 /home/shadya/projects/taskapp/vendor/codeigniter4/framework/system/CLI/CommandRunner.php(51): CodeIgniter\CLI\CommandRunner->index()
#11 /home/shadya/projects/taskapp/vendor/codeigniter4/framework/system/CodeIgniter.php(920): CodeIgniter\CLI\CommandRunner->_remap()
#12 /home/shadya/projects/taskapp/vendor/codeigniter4/framework/system/CodeIgniter.php(482): CodeIgniter\CodeIgniter->runController()
#13 /home/shadya/projects/taskapp/vendor/codeigniter4/framework/system/CodeIgniter.php(347): CodeIgniter\CodeIgniter->handleRequest()
#14 /home/shadya/projects/taskapp/vendor/codeigniter4/framework/system/CLI/Console.php(48): CodeIgniter\CodeIgniter->run()
#15 /home/shadya/projects/taskapp/spark(98): CodeIgniter\CLI\Console->run()
#16 {main}

Next CodeIgniter\Database\Exceptions\DatabaseException: Permission denied in /home/shadya/projects/taskapp/vendor/codeigniter4/framework/system/Database/MySQLi/Connection.php:215
Stack trace:
#0 /home/shadya/projects/taskapp/vendor/codeigniter4/framework/system/Database/BaseConnection.php(382): CodeIgniter\Database\MySQLi\Connection->connect()
#1 /home/shadya/projects/taskapp/vendor/codeigniter4/framework/system/Database/BaseConnection.php(561): CodeIgniter\Database\BaseConnection->initialize()
#2 /home/shadya/projects/taskapp/vendor/codeigniter4/framework/system/Database/BaseConnection.php(1360): CodeIgniter\Database\BaseConnection->query()
#3 /home/shadya/projects/taskapp/vendor/codeigniter4/framework/system/Database/BaseConnection.php(1394): CodeIgniter\Database\BaseConnection->listTables()
#4 /home/shadya/projects/taskapp/vendor/codeigniter4/framework/system/Database/MigrationRunner.php(759): CodeIgniter\Database\BaseConnection->tableExists()
#5 /home/shadya/projects/taskapp/vendor/codeigniter4/framework/system/Database/MigrationRunner.php(167): CodeIgniter\Database\MigrationRunner->ensureTable()
#6 /home/shadya/projects/taskapp/vendor/codeigniter4/framework/system/Commands/Database/Migrate.php(84): CodeIgniter\Database\MigrationRunner->latest()
#7 /home/shadya/projects/taskapp/vendor/codeigniter4/framework/system/CLI/Commands.php(63): CodeIgniter\Commands\Database\Migrate->run()
#8 /home/shadya/projects/taskapp/vendor/codeigniter4/framework/system/CLI/CommandRunner.php(65): CodeIgniter\CLI\Commands->run()
#9 /home/shadya/projects/taskapp/vendor/codeigniter4/framework/system/CLI/CommandRunner.php(51): CodeIgniter\CLI\CommandRunner->index()
#10 /home/shadya/projects/taskapp/vendor/codeigniter4/framework/system/CodeIgniter.php(920): CodeIgniter\CLI\CommandRunner->_remap()
#11 /home/shadya/projects/taskapp/vendor/codeigniter4/framework/system/CodeIgniter.php(482): CodeIgniter\CodeIgniter->runController()
#12 /home/shadya/projects/taskapp/vendor/codeigniter4/framework/system/CodeIgniter.php(347): CodeIgniter\CodeIgniter->handleRequest()
#13 /home/shadya/projects/taskapp/vendor/codeigniter4/framework/system/CLI/Console.php(48): CodeIgniter\CodeIgniter->run()
#14 /home/shadya/projects/taskapp/spark(98): CodeIgniter\CLI\Console->run()
#15 {main}
ERROR - 2022-11-03 15:29:19 --> Error connecting to the database: mysqli_sql_exception: Permission denied in /home/shadya/projects/taskapp/vendor/codeigniter4/framework/system/Database/MySQLi/Connection.php:171
Stack trace:
#0 /home/shadya/projects/taskapp/vendor/codeigniter4/framework/system/Database/MySQLi/Connection.php(171): mysqli->real_connect()
#1 /home/shadya/projects/taskapp/vendor/codeigniter4/framework/system/Database/BaseConnection.php(382): CodeIgniter\Database\MySQLi\Connection->connect()
#2 /home/shadya/projects/taskapp/vendor/codeigniter4/framework/system/Database/BaseConnection.php(561): CodeIgniter\Database\BaseConnection->initialize()
#3 /home/shadya/projects/taskapp/vendor/codeigniter4/framework/system/Database/BaseConnection.php(1360): CodeIgniter\Database\BaseConnection->query()
#4 /home/shadya/projects/taskapp/vendor/codeigniter4/framework/system/Database/BaseConnection.php(1394): CodeIgniter\Database\BaseConnection->listTables()
#5 /home/shadya/projects/taskapp/vendor/codeigniter4/framework/system/Database/MigrationRunner.php(759): CodeIgniter\Database\BaseConnection->tableExists()
#6 /home/shadya/projects/taskapp/vendor/codeigniter4/framework/system/Database/MigrationRunner.php(167): CodeIgniter\Database\MigrationRunner->ensureTable()
#7 /home/shadya/projects/taskapp/vendor/codeigniter4/framework/system/Commands/Database/Migrate.php(84): CodeIgniter\Database\MigrationRunner->latest()
#8 /home/shadya/projects/taskapp/vendor/codeigniter4/framework/system/CLI/Commands.php(63): CodeIgniter\Commands\Database\Migrate->run()
#9 /home/shadya/projects/taskapp/vendor/codeigniter4/framework/system/CLI/CommandRunner.php(65): CodeIgniter\CLI\Commands->run()
#10 /home/shadya/projects/taskapp/vendor/codeigniter4/framework/system/CLI/CommandRunner.php(51): CodeIgniter\CLI\CommandRunner->index()
#11 /home/shadya/projects/taskapp/vendor/codeigniter4/framework/system/CodeIgniter.php(920): CodeIgniter\CLI\CommandRunner->_remap()
#12 /home/shadya/projects/taskapp/vendor/codeigniter4/framework/system/CodeIgniter.php(482): CodeIgniter\CodeIgniter->runController()
#13 /home/shadya/projects/taskapp/vendor/codeigniter4/framework/system/CodeIgniter.php(347): CodeIgniter\CodeIgniter->handleRequest()
#14 /home/shadya/projects/taskapp/vendor/codeigniter4/framework/system/CLI/Console.php(48): CodeIgniter\CodeIgniter->run()
#15 /home/shadya/projects/taskapp/spark(98): CodeIgniter\CLI\Console->run()
#16 {main}

Next CodeIgniter\Database\Exceptions\DatabaseException: Permission denied in /home/shadya/projects/taskapp/vendor/codeigniter4/framework/system/Database/MySQLi/Connection.php:215
Stack trace:
#0 /home/shadya/projects/taskapp/vendor/codeigniter4/framework/system/Database/BaseConnection.php(382): CodeIgniter\Database\MySQLi\Connection->connect()
#1 /home/shadya/projects/taskapp/vendor/codeigniter4/framework/system/Database/BaseConnection.php(561): CodeIgniter\Database\BaseConnection->initialize()
#2 /home/shadya/projects/taskapp/vendor/codeigniter4/framework/system/Database/BaseConnection.php(1360): CodeIgniter\Database\BaseConnection->query()
#3 /home/shadya/projects/taskapp/vendor/codeigniter4/framework/system/Database/BaseConnection.php(1394): CodeIgniter\Database\BaseConnection->listTables()
#4 /home/shadya/projects/taskapp/vendor/codeigniter4/framework/system/Database/MigrationRunner.php(759): CodeIgniter\Database\BaseConnection->tableExists()
#5 /home/shadya/projects/taskapp/vendor/codeigniter4/framework/system/Database/MigrationRunner.php(167): CodeIgniter\Database\MigrationRunner->ensureTable()
#6 /home/shadya/projects/taskapp/vendor/codeigniter4/framework/system/Commands/Database/Migrate.php(84): CodeIgniter\Database\MigrationRunner->latest()
#7 /home/shadya/projects/taskapp/vendor/codeigniter4/framework/system/CLI/Commands.php(63): CodeIgniter\Commands\Database\Migrate->run()
#8 /home/shadya/projects/taskapp/vendor/codeigniter4/framework/system/CLI/CommandRunner.php(65): CodeIgniter\CLI\Commands->run()
#9 /home/shadya/projects/taskapp/vendor/codeigniter4/framework/system/CLI/CommandRunner.php(51): CodeIgniter\CLI\CommandRunner->index()
#10 /home/shadya/projects/taskapp/vendor/codeigniter4/framework/system/CodeIgniter.php(920): CodeIgniter\CLI\CommandRunner->_remap()
#11 /home/shadya/projects/taskapp/vendor/codeigniter4/framework/system/CodeIgniter.php(482): CodeIgniter\CodeIgniter->runController()
#12 /home/shadya/projects/taskapp/vendor/codeigniter4/framework/system/CodeIgniter.php(347): CodeIgniter\CodeIgniter->handleRequest()
#13 /home/shadya/projects/taskapp/vendor/codeigniter4/framework/system/CLI/Console.php(48): CodeIgniter\CodeIgniter->run()
#14 /home/shadya/projects/taskapp/spark(98): CodeIgniter\CLI\Console->run()
#15 {main}
ERROR - 2022-11-03 15:29:27 --> Error connecting to the database: mysqli_sql_exception: Permission denied in /home/shadya/projects/taskapp/vendor/codeigniter4/framework/system/Database/MySQLi/Connection.php:171
Stack trace:
#0 /home/shadya/projects/taskapp/vendor/codeigniter4/framework/system/Database/MySQLi/Connection.php(171): mysqli->real_connect()
#1 /home/shadya/projects/taskapp/vendor/codeigniter4/framework/system/Database/BaseConnection.php(382): CodeIgniter\Database\MySQLi\Connection->connect()
#2 /home/shadya/projects/taskapp/vendor/codeigniter4/framework/system/Database/BaseConnection.php(561): CodeIgniter\Database\BaseConnection->initialize()
#3 /home/shadya/projects/taskapp/vendor/codeigniter4/framework/system/Database/BaseConnection.php(1360): CodeIgniter\Database\BaseConnection->query()
#4 /home/shadya/projects/taskapp/vendor/codeigniter4/framework/system/Database/BaseConnection.php(1394): CodeIgniter\Database\BaseConnection->listTables()
#5 /home/shadya/projects/taskapp/vendor/codeigniter4/framework/system/Database/MigrationRunner.php(759): CodeIgniter\Database\BaseConnection->tableExists()
#6 /home/shadya/projects/taskapp/vendor/codeigniter4/framework/system/Database/MigrationRunner.php(167): CodeIgniter\Database\MigrationRunner->ensureTable()
#7 /home/shadya/projects/taskapp/vendor/codeigniter4/framework/system/Commands/Database/Migrate.php(84): CodeIgniter\Database\MigrationRunner->latest()
#8 /home/shadya/projects/taskapp/vendor/codeigniter4/framework/system/CLI/Commands.php(63): CodeIgniter\Commands\Database\Migrate->run()
#9 /home/shadya/projects/taskapp/vendor/codeigniter4/framework/system/CLI/CommandRunner.php(65): CodeIgniter\CLI\Commands->run()
#10 /home/shadya/projects/taskapp/vendor/codeigniter4/framework/system/CLI/CommandRunner.php(51): CodeIgniter\CLI\CommandRunner->index()
#11 /home/shadya/projects/taskapp/vendor/codeigniter4/framework/system/CodeIgniter.php(920): CodeIgniter\CLI\CommandRunner->_remap()
#12 /home/shadya/projects/taskapp/vendor/codeigniter4/framework/system/CodeIgniter.php(482): CodeIgniter\CodeIgniter->runController()
#13 /home/shadya/projects/taskapp/vendor/codeigniter4/framework/system/CodeIgniter.php(347): CodeIgniter\CodeIgniter->handleRequest()
#14 /home/shadya/projects/taskapp/vendor/codeigniter4/framework/system/CLI/Console.php(48): CodeIgniter\CodeIgniter->run()
#15 /home/shadya/projects/taskapp/spark(98): CodeIgniter\CLI\Console->run()
#16 {main}

Next CodeIgniter\Database\Exceptions\DatabaseException: Permission denied in /home/shadya/projects/taskapp/vendor/codeigniter4/framework/system/Database/MySQLi/Connection.php:215
Stack trace:
#0 /home/shadya/projects/taskapp/vendor/codeigniter4/framework/system/Database/BaseConnection.php(382): CodeIgniter\Database\MySQLi\Connection->connect()
#1 /home/shadya/projects/taskapp/vendor/codeigniter4/framework/system/Database/BaseConnection.php(561): CodeIgniter\Database\BaseConnection->initialize()
#2 /home/shadya/projects/taskapp/vendor/codeigniter4/framework/system/Database/BaseConnection.php(1360): CodeIgniter\Database\BaseConnection->query()
#3 /home/shadya/projects/taskapp/vendor/codeigniter4/framework/system/Database/BaseConnection.php(1394): CodeIgniter\Database\BaseConnection->listTables()
#4 /home/shadya/projects/taskapp/vendor/codeigniter4/framework/system/Database/MigrationRunner.php(759): CodeIgniter\Database\BaseConnection->tableExists()
#5 /home/shadya/projects/taskapp/vendor/codeigniter4/framework/system/Database/MigrationRunner.php(167): CodeIgniter\Database\MigrationRunner->ensureTable()
#6 /home/shadya/projects/taskapp/vendor/codeigniter4/framework/system/Commands/Database/Migrate.php(84): CodeIgniter\Database\MigrationRunner->latest()
#7 /home/shadya/projects/taskapp/vendor/codeigniter4/framework/system/CLI/Commands.php(63): CodeIgniter\Commands\Database\Migrate->run()
#8 /home/shadya/projects/taskapp/vendor/codeigniter4/framework/system/CLI/CommandRunner.php(65): CodeIgniter\CLI\Commands->run()
#9 /home/shadya/projects/taskapp/vendor/codeigniter4/framework/system/CLI/CommandRunner.php(51): CodeIgniter\CLI\CommandRunner->index()
#10 /home/shadya/projects/taskapp/vendor/codeigniter4/framework/system/CodeIgniter.php(920): CodeIgniter\CLI\CommandRunner->_remap()
#11 /home/shadya/projects/taskapp/vendor/codeigniter4/framework/system/CodeIgniter.php(482): CodeIgniter\CodeIgniter->runController()
#12 /home/shadya/projects/taskapp/vendor/codeigniter4/framework/system/CodeIgniter.php(347): CodeIgniter\CodeIgniter->handleRequest()
#13 /home/shadya/projects/taskapp/vendor/codeigniter4/framework/system/CLI/Console.php(48): CodeIgniter\CodeIgniter->run()
#14 /home/shadya/projects/taskapp/spark(98): CodeIgniter\CLI\Console->run()
#15 {main}
