CRITICAL - 2023-01-11 13:02:57 --> Can't use method return value in write context
in APPPATH/Models/UserModel.php on line 51.
 1 [internal function]: CodeIgniter\Debug\Exceptions->shutdownHandler()
ERROR - 2023-01-11 13:32:08 --> mysqli_sql_exception: Unknown column 'password' in 'field list' in /home/shadya/projects/codeigniter4-training/taskapp/vendor/codeigniter4/framework/system/Database/MySQLi/Connection.php:292
Stack trace:
#0 /home/shadya/projects/codeigniter4-training/taskapp/vendor/codeigniter4/framework/system/Database/MySQLi/Connection.php(292): mysqli->query()
#1 /home/shadya/projects/codeigniter4-training/taskapp/vendor/codeigniter4/framework/system/Database/BaseConnection.php(666): CodeIgniter\Database\MySQLi\Connection->execute()
#2 /home/shadya/projects/codeigniter4-training/taskapp/vendor/codeigniter4/framework/system/Database/BaseConnection.php(593): CodeIgniter\Database\BaseConnection->simpleQuery()
#3 /home/shadya/projects/codeigniter4-training/taskapp/vendor/codeigniter4/framework/system/Database/BaseBuilder.php(2079): CodeIgniter\Database\BaseConnection->query()
#4 /home/shadya/projects/codeigniter4-training/taskapp/vendor/codeigniter4/framework/system/Model.php(338): CodeIgniter\Database\BaseBuilder->update()
#5 /home/shadya/projects/codeigniter4-training/taskapp/vendor/codeigniter4/framework/system/BaseModel.php(886): CodeIgniter\Model->doUpdate()
#6 /home/shadya/projects/codeigniter4-training/taskapp/vendor/codeigniter4/framework/system/Model.php(693): CodeIgniter\BaseModel->update()
#7 /home/shadya/projects/codeigniter4-training/taskapp/vendor/codeigniter4/framework/system/BaseModel.php(657): CodeIgniter\Model->update()
#8 /home/shadya/projects/codeigniter4-training/taskapp/app/Controllers/Admin/Users.php(92): CodeIgniter\BaseModel->save()
#9 /home/shadya/projects/codeigniter4-training/taskapp/vendor/codeigniter4/framework/system/CodeIgniter.php(927): App\Controllers\Admin\Users->postUpdate()
#10 /home/shadya/projects/codeigniter4-training/taskapp/vendor/codeigniter4/framework/system/CodeIgniter.php(482): CodeIgniter\CodeIgniter->runController()
#11 /home/shadya/projects/codeigniter4-training/taskapp/vendor/codeigniter4/framework/system/CodeIgniter.php(351): CodeIgniter\CodeIgniter->handleRequest()
#12 /home/shadya/projects/codeigniter4-training/taskapp/public/index.php(67): CodeIgniter\CodeIgniter->run()
#13 /home/shadya/projects/codeigniter4-training/taskapp/vendor/codeigniter4/framework/system/Commands/Server/rewrite.php(46): require_once('...')
#14 {main}
CRITICAL - 2023-01-11 13:32:08 --> Unknown column 'password' in 'field list'
in SYSTEMPATH/Database/MySQLi/Connection.php on line 292.
 1 SYSTEMPATH/Database/MySQLi/Connection.php(292): mysqli->query()
 2 SYSTEMPATH/Database/BaseConnection.php(666): CodeIgniter\Database\MySQLi\Connection->execute()
 3 SYSTEMPATH/Database/BaseConnection.php(593): CodeIgniter\Database\BaseConnection->simpleQuery()
 4 SYSTEMPATH/Database/BaseBuilder.php(2079): CodeIgniter\Database\BaseConnection->query()
 5 SYSTEMPATH/Model.php(338): CodeIgniter\Database\BaseBuilder->update()
 6 SYSTEMPATH/BaseModel.php(886): CodeIgniter\Model->doUpdate()
 7 SYSTEMPATH/Model.php(693): CodeIgniter\BaseModel->update()
 8 SYSTEMPATH/BaseModel.php(657): CodeIgniter\Model->update()
 9 APPPATH/Controllers/Admin/Users.php(92): CodeIgniter\BaseModel->save()
10 SYSTEMPATH/CodeIgniter.php(927): App\Controllers\Admin\Users->postUpdate()
11 SYSTEMPATH/CodeIgniter.php(482): CodeIgniter\CodeIgniter->runController()
12 SYSTEMPATH/CodeIgniter.php(351): CodeIgniter\CodeIgniter->handleRequest()
13 FCPATH/index.php(67): CodeIgniter\CodeIgniter->run()
14 SYSTEMPATH/Commands/Server/rewrite.php(46): require_once('FCPATH/index.php')
