CRITICAL - 2023-01-13 13:23:47 --> Attempt to read property "is_admin" on null
in APPPATH/Filters/AdminFilter.php on line 15.
 1 APPPATH/Filters/AdminFilter.php(15): CodeIgniter\Debug\Exceptions->errorHandler()
 2 SYSTEMPATH/Filters/Filters.php(173): App\Filters\AdminFilter->before()
 3 SYSTEMPATH/CodeIgniter.php(455): CodeIgniter\Filters\Filters->run()
 4 SYSTEMPATH/CodeIgniter.php(351): CodeIgniter\CodeIgniter->handleRequest()
 5 FCPATH/index.php(67): CodeIgniter\CodeIgniter->run()
 6 SYSTEMPATH/Commands/Server/rewrite.php(46): require_once('FCPATH/index.php')
CRITICAL - 2023-01-13 13:32:23 --> Attempt to read property "is_admin" on null
in APPPATH/Filters/AdminFilter.php on line 15.
 1 APPPATH/Filters/AdminFilter.php(15): CodeIgniter\Debug\Exceptions->errorHandler()
 2 SYSTEMPATH/Filters/Filters.php(173): App\Filters\AdminFilter->before()
 3 SYSTEMPATH/CodeIgniter.php(455): CodeIgniter\Filters\Filters->run()
 4 SYSTEMPATH/CodeIgniter.php(351): CodeIgniter\CodeIgniter->handleRequest()
 5 FCPATH/index.php(67): CodeIgniter\CodeIgniter->run()
 6 SYSTEMPATH/Commands/Server/rewrite.php(46): require_once('FCPATH/index.php')
CRITICAL - 2023-01-13 13:55:15 --> Attempt to read property "is_admin" on null
in APPPATH/Filters/AdminFilter.php on line 15.
 1 APPPATH/Filters/AdminFilter.php(15): CodeIgniter\Debug\Exceptions->errorHandler()
 2 SYSTEMPATH/Filters/Filters.php(173): App\Filters\AdminFilter->before()
 3 SYSTEMPATH/CodeIgniter.php(455): CodeIgniter\Filters\Filters->run()
 4 SYSTEMPATH/CodeIgniter.php(351): CodeIgniter\CodeIgniter->handleRequest()
 5 FCPATH/index.php(67): CodeIgniter\CodeIgniter->run()
 6 SYSTEMPATH/Commands/Server/rewrite.php(46): require_once('FCPATH/index.php')
CRITICAL - 2023-01-13 14:05:24 --> Attempt to read property "is_admin" on null
in APPPATH/Filters/AdminFilter.php on line 15.
 1 APPPATH/Filters/AdminFilter.php(15): CodeIgniter\Debug\Exceptions->errorHandler()
 2 SYSTEMPATH/Filters/Filters.php(173): App\Filters\AdminFilter->before()
 3 SYSTEMPATH/CodeIgniter.php(455): CodeIgniter\Filters\Filters->run()
 4 SYSTEMPATH/CodeIgniter.php(351): CodeIgniter\CodeIgniter->handleRequest()
 5 FCPATH/index.php(67): CodeIgniter\CodeIgniter->run()
 6 SYSTEMPATH/Commands/Server/rewrite.php(46): require_once('FCPATH/index.php')
CRITICAL - 2023-01-13 14:34:35 --> Attempt to read property "is_admin" on null
in APPPATH/Filters/AdminFilter.php on line 15.
 1 APPPATH/Filters/AdminFilter.php(15): CodeIgniter\Debug\Exceptions->errorHandler()
 2 SYSTEMPATH/Filters/Filters.php(173): App\Filters\AdminFilter->before()
 3 SYSTEMPATH/CodeIgniter.php(455): CodeIgniter\Filters\Filters->run()
 4 SYSTEMPATH/CodeIgniter.php(351): CodeIgniter\CodeIgniter->handleRequest()
 5 FCPATH/index.php(67): CodeIgniter\CodeIgniter->run()
 6 SYSTEMPATH/Commands/Server/rewrite.php(46): require_once('FCPATH/index.php')
CRITICAL - 2023-01-13 14:34:59 --> Attempt to read property "is_admin" on null
in APPPATH/Filters/AdminFilter.php on line 15.
 1 APPPATH/Filters/AdminFilter.php(15): CodeIgniter\Debug\Exceptions->errorHandler()
 2 SYSTEMPATH/Filters/Filters.php(173): App\Filters\AdminFilter->before()
 3 SYSTEMPATH/CodeIgniter.php(455): CodeIgniter\Filters\Filters->run()
 4 SYSTEMPATH/CodeIgniter.php(351): CodeIgniter\CodeIgniter->handleRequest()
 5 FCPATH/index.php(67): CodeIgniter\CodeIgniter->run()
 6 SYSTEMPATH/Commands/Server/rewrite.php(46): require_once('FCPATH/index.php')
CRITICAL - 2023-01-13 14:35:28 --> Attempt to read property "is_admin" on null
in APPPATH/Filters/AdminFilter.php on line 15.
 1 APPPATH/Filters/AdminFilter.php(15): CodeIgniter\Debug\Exceptions->errorHandler()
 2 SYSTEMPATH/Filters/Filters.php(173): App\Filters\AdminFilter->before()
 3 SYSTEMPATH/CodeIgniter.php(455): CodeIgniter\Filters\Filters->run()
 4 SYSTEMPATH/CodeIgniter.php(351): CodeIgniter\CodeIgniter->handleRequest()
 5 FCPATH/index.php(67): CodeIgniter\CodeIgniter->run()
 6 SYSTEMPATH/Commands/Server/rewrite.php(46): require_once('FCPATH/index.php')
CRITICAL - 2023-01-13 14:35:36 --> Attempt to read property "id" on null
in APPPATH/Views/Admin/Users/show.php on line 30.
 1 APPPATH/Views/Admin/Users/show.php(30): CodeIgniter\Debug\Exceptions->errorHandler()
 2 SYSTEMPATH/View/View.php(213): include('APPPATH/Views/Admin/Users/show.php')
 3 SYSTEMPATH/View/View.php(216): CodeIgniter\View\View->CodeIgniter\View\{closure}()
 4 SYSTEMPATH/Common.php(1134): CodeIgniter\View\View->render()
 5 APPPATH/Controllers/Admin/Users.php(32): view()
 6 SYSTEMPATH/CodeIgniter.php(927): App\Controllers\Admin\Users->getShow()
 7 SYSTEMPATH/CodeIgniter.php(482): CodeIgniter\CodeIgniter->runController()
 8 SYSTEMPATH/CodeIgniter.php(351): CodeIgniter\CodeIgniter->handleRequest()
 9 FCPATH/index.php(67): CodeIgniter\CodeIgniter->run()
10 SYSTEMPATH/Commands/Server/rewrite.php(46): require_once('FCPATH/index.php')
CRITICAL - 2023-01-13 14:35:38 --> Attempt to read property "id" on null
in APPPATH/Views/Admin/Users/show.php on line 30.
 1 APPPATH/Views/Admin/Users/show.php(30): CodeIgniter\Debug\Exceptions->errorHandler()
 2 SYSTEMPATH/View/View.php(213): include('APPPATH/Views/Admin/Users/show.php')
 3 SYSTEMPATH/View/View.php(216): CodeIgniter\View\View->CodeIgniter\View\{closure}()
 4 SYSTEMPATH/Common.php(1134): CodeIgniter\View\View->render()
 5 APPPATH/Controllers/Admin/Users.php(32): view()
 6 SYSTEMPATH/CodeIgniter.php(927): App\Controllers\Admin\Users->getShow()
 7 SYSTEMPATH/CodeIgniter.php(482): CodeIgniter\CodeIgniter->runController()
 8 SYSTEMPATH/CodeIgniter.php(351): CodeIgniter\CodeIgniter->handleRequest()
 9 FCPATH/index.php(67): CodeIgniter\CodeIgniter->run()
10 SYSTEMPATH/Commands/Server/rewrite.php(46): require_once('FCPATH/index.php')
CRITICAL - 2023-01-13 14:35:43 --> Attempt to read property "is_admin" on null
in APPPATH/Filters/AdminFilter.php on line 15.
 1 APPPATH/Filters/AdminFilter.php(15): CodeIgniter\Debug\Exceptions->errorHandler()
 2 SYSTEMPATH/Filters/Filters.php(173): App\Filters\AdminFilter->before()
 3 SYSTEMPATH/CodeIgniter.php(455): CodeIgniter\Filters\Filters->run()
 4 SYSTEMPATH/CodeIgniter.php(351): CodeIgniter\CodeIgniter->handleRequest()
 5 FCPATH/index.php(67): CodeIgniter\CodeIgniter->run()
 6 SYSTEMPATH/Commands/Server/rewrite.php(46): require_once('FCPATH/index.php')
CRITICAL - 2023-01-13 14:40:18 --> Attempt to read property "is_admin" on null
in APPPATH/Filters/AdminFilter.php on line 15.
 1 APPPATH/Filters/AdminFilter.php(15): CodeIgniter\Debug\Exceptions->errorHandler()
 2 SYSTEMPATH/Filters/Filters.php(173): App\Filters\AdminFilter->before()
 3 SYSTEMPATH/CodeIgniter.php(455): CodeIgniter\Filters\Filters->run()
 4 SYSTEMPATH/CodeIgniter.php(351): CodeIgniter\CodeIgniter->handleRequest()
 5 FCPATH/index.php(67): CodeIgniter\CodeIgniter->run()
 6 SYSTEMPATH/Commands/Server/rewrite.php(46): require_once('FCPATH/index.php')
CRITICAL - 2023-01-13 14:40:33 --> Attempt to read property "is_admin" on null
in APPPATH/Filters/AdminFilter.php on line 15.
 1 APPPATH/Filters/AdminFilter.php(15): CodeIgniter\Debug\Exceptions->errorHandler()
 2 SYSTEMPATH/Filters/Filters.php(173): App\Filters\AdminFilter->before()
 3 SYSTEMPATH/CodeIgniter.php(455): CodeIgniter\Filters\Filters->run()
 4 SYSTEMPATH/CodeIgniter.php(351): CodeIgniter\CodeIgniter->handleRequest()
 5 FCPATH/index.php(67): CodeIgniter\CodeIgniter->run()
 6 SYSTEMPATH/Commands/Server/rewrite.php(46): require_once('FCPATH/index.php')
CRITICAL - 2023-01-13 14:40:41 --> Attempt to read property "is_admin" on null
in APPPATH/Filters/AdminFilter.php on line 15.
 1 APPPATH/Filters/AdminFilter.php(15): CodeIgniter\Debug\Exceptions->errorHandler()
 2 SYSTEMPATH/Filters/Filters.php(173): App\Filters\AdminFilter->before()
 3 SYSTEMPATH/CodeIgniter.php(455): CodeIgniter\Filters\Filters->run()
 4 SYSTEMPATH/CodeIgniter.php(351): CodeIgniter\CodeIgniter->handleRequest()
 5 FCPATH/index.php(67): CodeIgniter\CodeIgniter->run()
 6 SYSTEMPATH/Commands/Server/rewrite.php(46): require_once('FCPATH/index.php')
CRITICAL - 2023-01-13 15:03:11 --> Attempt to read property "is_admin" on null
in APPPATH/Filters/AdminFilter.php on line 15.
 1 APPPATH/Filters/AdminFilter.php(15): CodeIgniter\Debug\Exceptions->errorHandler()
 2 SYSTEMPATH/Filters/Filters.php(173): App\Filters\AdminFilter->before()
 3 SYSTEMPATH/CodeIgniter.php(455): CodeIgniter\Filters\Filters->run()
 4 SYSTEMPATH/CodeIgniter.php(351): CodeIgniter\CodeIgniter->handleRequest()
 5 FCPATH/index.php(67): CodeIgniter\CodeIgniter->run()
 6 SYSTEMPATH/Commands/Server/rewrite.php(46): require_once('FCPATH/index.php')
CRITICAL - 2023-01-13 15:20:35 --> Attempt to read property "is_admin" on null
in APPPATH/Filters/AdminFilter.php on line 15.
 1 APPPATH/Filters/AdminFilter.php(15): CodeIgniter\Debug\Exceptions->errorHandler()
 2 SYSTEMPATH/Filters/Filters.php(173): App\Filters\AdminFilter->before()
 3 SYSTEMPATH/CodeIgniter.php(455): CodeIgniter\Filters\Filters->run()
 4 SYSTEMPATH/CodeIgniter.php(351): CodeIgniter\CodeIgniter->handleRequest()
 5 FCPATH/index.php(67): CodeIgniter\CodeIgniter->run()
 6 SYSTEMPATH/Commands/Server/rewrite.php(46): require_once('FCPATH/index.php')
CRITICAL - 2023-01-13 15:21:09 --> Attempt to read property "id" on null
in APPPATH/Views/Admin/Users/show.php on line 30.
 1 APPPATH/Views/Admin/Users/show.php(30): CodeIgniter\Debug\Exceptions->errorHandler()
 2 SYSTEMPATH/View/View.php(213): include('APPPATH/Views/Admin/Users/show.php')
 3 SYSTEMPATH/View/View.php(216): CodeIgniter\View\View->CodeIgniter\View\{closure}()
 4 SYSTEMPATH/Common.php(1134): CodeIgniter\View\View->render()
 5 APPPATH/Controllers/Admin/Users.php(32): view()
 6 SYSTEMPATH/CodeIgniter.php(927): App\Controllers\Admin\Users->getShow()
 7 SYSTEMPATH/CodeIgniter.php(482): CodeIgniter\CodeIgniter->runController()
 8 SYSTEMPATH/CodeIgniter.php(351): CodeIgniter\CodeIgniter->handleRequest()
 9 FCPATH/index.php(67): CodeIgniter\CodeIgniter->run()
10 SYSTEMPATH/Commands/Server/rewrite.php(46): require_once('FCPATH/index.php')
CRITICAL - 2023-01-13 15:21:54 --> Attempt to read property "id" on null
in APPPATH/Views/Admin/Users/show.php on line 30.
 1 APPPATH/Views/Admin/Users/show.php(30): CodeIgniter\Debug\Exceptions->errorHandler()
 2 SYSTEMPATH/View/View.php(213): include('APPPATH/Views/Admin/Users/show.php')
 3 SYSTEMPATH/View/View.php(216): CodeIgniter\View\View->CodeIgniter\View\{closure}()
 4 SYSTEMPATH/Common.php(1134): CodeIgniter\View\View->render()
 5 APPPATH/Controllers/Admin/Users.php(32): view()
 6 SYSTEMPATH/CodeIgniter.php(927): App\Controllers\Admin\Users->getShow()
 7 SYSTEMPATH/CodeIgniter.php(482): CodeIgniter\CodeIgniter->runController()
 8 SYSTEMPATH/CodeIgniter.php(351): CodeIgniter\CodeIgniter->handleRequest()
 9 FCPATH/index.php(67): CodeIgniter\CodeIgniter->run()
10 SYSTEMPATH/Commands/Server/rewrite.php(46): require_once('FCPATH/index.php')
CRITICAL - 2023-01-13 15:22:10 --> Attempt to read property "is_admin" on null
in APPPATH/Filters/AdminFilter.php on line 15.
 1 APPPATH/Filters/AdminFilter.php(15): CodeIgniter\Debug\Exceptions->errorHandler()
 2 SYSTEMPATH/Filters/Filters.php(173): App\Filters\AdminFilter->before()
 3 SYSTEMPATH/CodeIgniter.php(455): CodeIgniter\Filters\Filters->run()
 4 SYSTEMPATH/CodeIgniter.php(351): CodeIgniter\CodeIgniter->handleRequest()
 5 FCPATH/index.php(67): CodeIgniter\CodeIgniter->run()
 6 SYSTEMPATH/Commands/Server/rewrite.php(46): require_once('FCPATH/index.php')
