ERROR - 2022-11-04 10:58:19 --> Error connecting to the database: mysqli_sql_exception: Connection refused in /home/shadya/projects/taskapp/vendor/codeigniter4/framework/system/Database/MySQLi/Connection.php:171
Stack trace:
#0 /home/shadya/projects/taskapp/vendor/codeigniter4/framework/system/Database/MySQLi/Connection.php(171): mysqli->real_connect()
#1 /home/shadya/projects/taskapp/vendor/codeigniter4/framework/system/Database/BaseConnection.php(382): CodeIgniter\Database\MySQLi\Connection->connect()
#2 /home/shadya/projects/taskapp/vendor/codeigniter4/framework/system/Database/BaseConnection.php(561): CodeIgniter\Database\BaseConnection->initialize()
#3 /home/shadya/projects/taskapp/vendor/codeigniter4/framework/system/Database/BaseConnection.php(1360): CodeIgniter\Database\BaseConnection->query()
#4 /home/shadya/projects/taskapp/vendor/codeigniter4/framework/system/Database/BaseConnection.php(1394): CodeIgniter\Database\BaseConnection->listTables()
#5 /home/shadya/projects/taskapp/vendor/codeigniter4/framework/system/Database/MigrationRunner.php(759): CodeIgniter\Database\BaseConnection->tableExists()
#6 /home/shadya/projects/taskapp/vendor/codeigniter4/framework/system/Database/MigrationRunner.php(167): CodeIgniter\Database\MigrationRunner->ensureTable()
#7 /home/shadya/projects/taskapp/vendor/codeigniter4/framework/system/Commands/Database/Migrate.php(84): CodeIgniter\Database\MigrationRunner->latest()
#8 /home/shadya/projects/taskapp/vendor/codeigniter4/framework/system/CLI/Commands.php(63): CodeIgniter\Commands\Database\Migrate->run()
#9 /home/shadya/projects/taskapp/vendor/codeigniter4/framework/system/CLI/CommandRunner.php(65): CodeIgniter\CLI\Commands->run()
#10 /home/shadya/projects/taskapp/vendor/codeigniter4/framework/system/CLI/CommandRunner.php(51): CodeIgniter\CLI\CommandRunner->index()
#11 /home/shadya/projects/taskapp/vendor/codeigniter4/framework/system/CodeIgniter.php(920): CodeIgniter\CLI\CommandRunner->_remap()
#12 /home/shadya/projects/taskapp/vendor/codeigniter4/framework/system/CodeIgniter.php(482): CodeIgniter\CodeIgniter->runController()
#13 /home/shadya/projects/taskapp/vendor/codeigniter4/framework/system/CodeIgniter.php(347): CodeIgniter\CodeIgniter->handleRequest()
#14 /home/shadya/projects/taskapp/vendor/codeigniter4/framework/system/CLI/Console.php(48): CodeIgniter\CodeIgniter->run()
#15 /home/shadya/projects/taskapp/spark(98): CodeIgniter\CLI\Console->run()
#16 {main}

Next CodeIgniter\Database\Exceptions\DatabaseException: Connection refused in /home/shadya/projects/taskapp/vendor/codeigniter4/framework/system/Database/MySQLi/Connection.php:215
Stack trace:
#0 /home/shadya/projects/taskapp/vendor/codeigniter4/framework/system/Database/BaseConnection.php(382): CodeIgniter\Database\MySQLi\Connection->connect()
#1 /home/shadya/projects/taskapp/vendor/codeigniter4/framework/system/Database/BaseConnection.php(561): CodeIgniter\Database\BaseConnection->initialize()
#2 /home/shadya/projects/taskapp/vendor/codeigniter4/framework/system/Database/BaseConnection.php(1360): CodeIgniter\Database\BaseConnection->query()
#3 /home/shadya/projects/taskapp/vendor/codeigniter4/framework/system/Database/BaseConnection.php(1394): CodeIgniter\Database\BaseConnection->listTables()
#4 /home/shadya/projects/taskapp/vendor/codeigniter4/framework/system/Database/MigrationRunner.php(759): CodeIgniter\Database\BaseConnection->tableExists()
#5 /home/shadya/projects/taskapp/vendor/codeigniter4/framework/system/Database/MigrationRunner.php(167): CodeIgniter\Database\MigrationRunner->ensureTable()
#6 /home/shadya/projects/taskapp/vendor/codeigniter4/framework/system/Commands/Database/Migrate.php(84): CodeIgniter\Database\MigrationRunner->latest()
#7 /home/shadya/projects/taskapp/vendor/codeigniter4/framework/system/CLI/Commands.php(63): CodeIgniter\Commands\Database\Migrate->run()
#8 /home/shadya/projects/taskapp/vendor/codeigniter4/framework/system/CLI/CommandRunner.php(65): CodeIgniter\CLI\Commands->run()
#9 /home/shadya/projects/taskapp/vendor/codeigniter4/framework/system/CLI/CommandRunner.php(51): CodeIgniter\CLI\CommandRunner->index()
#10 /home/shadya/projects/taskapp/vendor/codeigniter4/framework/system/CodeIgniter.php(920): CodeIgniter\CLI\CommandRunner->_remap()
#11 /home/shadya/projects/taskapp/vendor/codeigniter4/framework/system/CodeIgniter.php(482): CodeIgniter\CodeIgniter->runController()
#12 /home/shadya/projects/taskapp/vendor/codeigniter4/framework/system/CodeIgniter.php(347): CodeIgniter\CodeIgniter->handleRequest()
#13 /home/shadya/projects/taskapp/vendor/codeigniter4/framework/system/CLI/Console.php(48): CodeIgniter\CodeIgniter->run()
#14 /home/shadya/projects/taskapp/spark(98): CodeIgniter\CLI\Console->run()
#15 {main}
CRITICAL - 2022-11-04 11:29:55 --> Array to string conversion
in APPPATH/Controllers/Tasks.php on line 12.
 1 APPPATH/Controllers/Tasks.php(12): CodeIgniter\Debug\Exceptions->errorHandler()
 2 SYSTEMPATH/CodeIgniter.php(927): App\Controllers\Tasks->index()
 3 SYSTEMPATH/CodeIgniter.php(482): CodeIgniter\CodeIgniter->runController()
 4 SYSTEMPATH/CodeIgniter.php(351): CodeIgniter\CodeIgniter->handleRequest()
 5 FCPATH/index.php(67): CodeIgniter\CodeIgniter->run()
 6 SYSTEMPATH/Commands/Server/rewrite.php(46): require_once('FCPATH/index.php')
CRITICAL - 2022-11-04 11:34:26 --> Too few arguments to function App\Controllers\Tasks::show(), 0 passed in /home/shadya/projects/taskapp/vendor/codeigniter4/framework/system/CodeIgniter.php on line 927 and exactly 1 expected
in APPPATH/Controllers/Tasks.php on line 15.
 1 SYSTEMPATH/CodeIgniter.php(927): App\Controllers\Tasks->show()
 2 SYSTEMPATH/CodeIgniter.php(482): CodeIgniter\CodeIgniter->runController()
 3 SYSTEMPATH/CodeIgniter.php(351): CodeIgniter\CodeIgniter->handleRequest()
 4 FCPATH/index.php(67): CodeIgniter\CodeIgniter->run()
 5 SYSTEMPATH/Commands/Server/rewrite.php(46): require_once('FCPATH/index.php')
CRITICAL - 2022-11-04 11:43:46 --> Trying to access array offset on value of type null
in APPPATH/Views/Tasks/show.php on line 11.
 1 APPPATH/Views/Tasks/show.php(11): CodeIgniter\Debug\Exceptions->errorHandler()
 2 SYSTEMPATH/View/View.php(213): include('APPPATH/Views/Tasks/show.php')
 3 SYSTEMPATH/View/View.php(216): CodeIgniter\View\View->CodeIgniter\View\{closure}()
 4 SYSTEMPATH/Common.php(1134): CodeIgniter\View\View->render()
 5 APPPATH/Controllers/Tasks.php(22): view()
 6 SYSTEMPATH/CodeIgniter.php(927): App\Controllers\Tasks->show()
 7 SYSTEMPATH/CodeIgniter.php(482): CodeIgniter\CodeIgniter->runController()
 8 SYSTEMPATH/CodeIgniter.php(351): CodeIgniter\CodeIgniter->handleRequest()
 9 FCPATH/index.php(67): CodeIgniter\CodeIgniter->run()
10 SYSTEMPATH/Commands/Server/rewrite.php(46): require_once('FCPATH/index.php')
CRITICAL - 2022-11-04 12:36:11 --> Allowed fields must be specified for model: App\Models\TaskModel
in SYSTEMPATH/BaseModel.php on line 1160.
 1 SYSTEMPATH/BaseModel.php(1160): CodeIgniter\Database\Exceptions\DataException::forInvalidAllowedFields()
 2 SYSTEMPATH/BaseModel.php(724): CodeIgniter\BaseModel->doProtectFields()
 3 SYSTEMPATH/Model.php(667): CodeIgniter\BaseModel->insert()
 4 APPPATH/Controllers/Tasks.php(36): CodeIgniter\Model->insert()
 5 SYSTEMPATH/CodeIgniter.php(927): App\Controllers\Tasks->create()
 6 SYSTEMPATH/CodeIgniter.php(482): CodeIgniter\CodeIgniter->runController()
 7 SYSTEMPATH/CodeIgniter.php(351): CodeIgniter\CodeIgniter->handleRequest()
 8 FCPATH/index.php(67): CodeIgniter\CodeIgniter->run()
 9 SYSTEMPATH/Commands/Server/rewrite.php(46): require_once('FCPATH/index.php')
CRITICAL - 2022-11-04 13:12:09 --> Undefined constant "App\Controllers\result"
in APPPATH/Controllers/Tasks.php on line 42.
 1 SYSTEMPATH/CodeIgniter.php(927): App\Controllers\Tasks->create()
 2 SYSTEMPATH/CodeIgniter.php(482): CodeIgniter\CodeIgniter->runController()
 3 SYSTEMPATH/CodeIgniter.php(351): CodeIgniter\CodeIgniter->handleRequest()
 4 FCPATH/index.php(67): CodeIgniter\CodeIgniter->run()
 5 SYSTEMPATH/Commands/Server/rewrite.php(46): require_once('FCPATH/index.php')
ERROR - 2022-11-04 18:17:40 --> Error connecting to the database: mysqli_sql_exception: Connection refused in /home/shadya/projects/taskapp/vendor/codeigniter4/framework/system/Database/MySQLi/Connection.php:171
Stack trace:
#0 /home/shadya/projects/taskapp/vendor/codeigniter4/framework/system/Database/MySQLi/Connection.php(171): mysqli->real_connect()
#1 /home/shadya/projects/taskapp/vendor/codeigniter4/framework/system/Database/BaseConnection.php(382): CodeIgniter\Database\MySQLi\Connection->connect()
#2 /home/shadya/projects/taskapp/vendor/codeigniter4/framework/system/Database/BaseConnection.php(561): CodeIgniter\Database\BaseConnection->initialize()
#3 /home/shadya/projects/taskapp/vendor/codeigniter4/framework/system/Database/BaseBuilder.php(1585): CodeIgniter\Database\BaseConnection->query()
#4 /home/shadya/projects/taskapp/vendor/codeigniter4/framework/system/Model.php(223): CodeIgniter\Database\BaseBuilder->get()
#5 /home/shadya/projects/taskapp/vendor/codeigniter4/framework/system/BaseModel.php(585): CodeIgniter\Model->doFindAll()
#6 /home/shadya/projects/taskapp/app/Controllers/Tasks.php(10): CodeIgniter\BaseModel->findAll()
#7 /home/shadya/projects/taskapp/vendor/codeigniter4/framework/system/CodeIgniter.php(927): App\Controllers\Tasks->index()
#8 /home/shadya/projects/taskapp/vendor/codeigniter4/framework/system/CodeIgniter.php(482): CodeIgniter\CodeIgniter->runController()
#9 /home/shadya/projects/taskapp/vendor/codeigniter4/framework/system/CodeIgniter.php(351): CodeIgniter\CodeIgniter->handleRequest()
#10 /home/shadya/projects/taskapp/public/index.php(67): CodeIgniter\CodeIgniter->run()
#11 /home/shadya/projects/taskapp/vendor/codeigniter4/framework/system/Commands/Server/rewrite.php(46): require_once('...')
#12 {main}

Next CodeIgniter\Database\Exceptions\DatabaseException: Connection refused in /home/shadya/projects/taskapp/vendor/codeigniter4/framework/system/Database/MySQLi/Connection.php:215
Stack trace:
#0 /home/shadya/projects/taskapp/vendor/codeigniter4/framework/system/Database/BaseConnection.php(382): CodeIgniter\Database\MySQLi\Connection->connect()
#1 /home/shadya/projects/taskapp/vendor/codeigniter4/framework/system/Database/BaseConnection.php(561): CodeIgniter\Database\BaseConnection->initialize()
#2 /home/shadya/projects/taskapp/vendor/codeigniter4/framework/system/Database/BaseBuilder.php(1585): CodeIgniter\Database\BaseConnection->query()
#3 /home/shadya/projects/taskapp/vendor/codeigniter4/framework/system/Model.php(223): CodeIgniter\Database\BaseBuilder->get()
#4 /home/shadya/projects/taskapp/vendor/codeigniter4/framework/system/BaseModel.php(585): CodeIgniter\Model->doFindAll()
#5 /home/shadya/projects/taskapp/app/Controllers/Tasks.php(10): CodeIgniter\BaseModel->findAll()
#6 /home/shadya/projects/taskapp/vendor/codeigniter4/framework/system/CodeIgniter.php(927): App\Controllers\Tasks->index()
#7 /home/shadya/projects/taskapp/vendor/codeigniter4/framework/system/CodeIgniter.php(482): CodeIgniter\CodeIgniter->runController()
#8 /home/shadya/projects/taskapp/vendor/codeigniter4/framework/system/CodeIgniter.php(351): CodeIgniter\CodeIgniter->handleRequest()
#9 /home/shadya/projects/taskapp/public/index.php(67): CodeIgniter\CodeIgniter->run()
#10 /home/shadya/projects/taskapp/vendor/codeigniter4/framework/system/Commands/Server/rewrite.php(46): require_once('...')
#11 {main}
CRITICAL - 2022-11-04 18:17:40 --> Unable to connect to the database.
Main connection [MySQLi]: Connection refused
in SYSTEMPATH/Database/BaseConnection.php on line 418.
 1 SYSTEMPATH/Database/BaseConnection.php(561): CodeIgniter\Database\BaseConnection->initialize()
 2 SYSTEMPATH/Database/BaseBuilder.php(1585): CodeIgniter\Database\BaseConnection->query()
 3 SYSTEMPATH/Model.php(223): CodeIgniter\Database\BaseBuilder->get()
 4 SYSTEMPATH/BaseModel.php(585): CodeIgniter\Model->doFindAll()
 5 APPPATH/Controllers/Tasks.php(10): CodeIgniter\BaseModel->findAll()
 6 SYSTEMPATH/CodeIgniter.php(927): App\Controllers\Tasks->index()
 7 SYSTEMPATH/CodeIgniter.php(482): CodeIgniter\CodeIgniter->runController()
 8 SYSTEMPATH/CodeIgniter.php(351): CodeIgniter\CodeIgniter->handleRequest()
 9 FCPATH/index.php(67): CodeIgniter\CodeIgniter->run()
10 SYSTEMPATH/Commands/Server/rewrite.php(46): require_once('FCPATH/index.php')
